# JRE version: OpenJDK Runtime Environment (21.0.10) (build 21.0.10+-14961533-b1163.108)
# Java VM: OpenJDK 64-Bit Server VM (21.0.10+-14961533-b1163.108, mixed mode, tiered, compressed oops, compressed class ptrs, g1 gc, windows-amd64)
GC Precious Log:
 CardTable entry size: 512
 Card Set container configuration: InlinePtr #cards 4 size 8 Array Of Cards #cards 32 size 80 Howl #buckets 8 coarsen threshold 7372 Howl Bitmap #cards 1024 size 144 coarsen threshold 921 Card regions per heap region 1 cards per card region 8192
 CPUs: 28 total, 28 available
 Memory: 32454M
 Large Page Support: Disabled
 NUMA Support: Disabled
 Compressed Oops: Enabled (Zero based)
 Heap Region Size: 4M
 Heap Min Capacity: 8M
 Heap Initial Capacity: 508M
 Heap Max Capacity: 8116M
 Pre-touch: Disabled
 Parallel Workers: 20
 Concurrent Workers: 5
 Concurrent Refinement Workers: 20
 Periodic GC: Disabled
Heap:
 garbage-first heap   total 126976K, used 87809K [0x0000000604c00000, 0x0000000800000000)
  region size 4096K, 16 young (65536K), 1 survivors (4096K)
 Metaspace       used 66501K, committed 67328K, reserved 1114112K
  class space    used 6511K, committed 6912K, reserved 1048576K
GC Heap History (20 events):
Event: 24800.153 GC heap before
{Heap before GC invocations=102 (full 5):
 garbage-first heap   total 102400K, used 71184K [0x0000000604c00000, 0x0000000800000000)
  region size 4096K, 15 young (61440K), 1 survivors (4096K)
 Metaspace       used 66151K, committed 66944K, reserved 1114112K
  class space    used 6492K, committed 6848K, reserved 1048576K
}
Event: 24800.157 GC heap after
{Heap after GC invocations=103 (full 5):
 garbage-first heap   total 102400K, used 17811K [0x0000000604c00000, 0x0000000800000000)
  region size 4096K, 1 young (4096K), 1 survivors (4096K)
 Metaspace       used 66151K, committed 66944K, reserved 1114112K
  class space    used 6492K, committed 6848K, reserved 1048576K
}
Event: 25362.355 GC heap before
{Heap before GC invocations=103 (full 5):
 garbage-first heap   total 102400K, used 75155K [0x0000000604c00000, 0x0000000800000000)
  region size 4096K, 15 young (61440K), 1 survivors (4096K)
 Metaspace       used 66151K, committed 66944K, reserved 1114112K
  class space    used 6492K, committed 6848K, reserved 1048576K
}
Event: 25362.358 GC heap after
{Heap after GC invocations=104 (full 5):
 garbage-first heap   total 102400K, used 17822K [0x0000000604c00000, 0x0000000800000000)
  region size 4096K, 1 young (4096K), 1 survivors (4096K)
 Metaspace       used 66151K, committed 66944K, reserved 1114112K
  class space    used 6492K, committed 6848K, reserved 1048576K
}
Event: 25703.472 GC heap before
{Heap before GC invocations=105 (full 5):
 garbage-first heap   total 98304K, used 87454K [0x0000000604c00000, 0x0000000800000000)
  region size 4096K, 15 young (61440K), 1 survivors (4096K)
 Metaspace       used 66189K, committed 66944K, reserved 1114112K
  class space    used 6492K, committed 6848K, reserved 1048576K
}
Event: 25703.478 GC heap after
{Heap after GC invocations=106 (full 5):
 garbage-first heap   total 102400K, used 30259K [0x0000000604c00000, 0x0000000800000000)
  region size 4096K, 1 young (4096K), 1 survivors (4096K)
 Metaspace       used 66189K, committed 66944K, reserved 1114112K
  class space    used 6492K, committed 6848K, reserved 1048576K
}
Event: 25921.911 GC heap before
{Heap before GC invocations=106 (full 5):
 garbage-first heap   total 102400K, used 79411K [0x0000000604c00000, 0x0000000800000000)
  region size 4096K, 14 young (57344K), 1 survivors (4096K)
 Metaspace       used 66189K, committed 66944K, reserved 1114112K
  class space    used 6492K, committed 6848K, reserved 1048576K
}
Event: 25921.916 GC heap after
{Heap after GC invocations=107 (full 5):
 garbage-first heap   total 102400K, used 30226K [0x0000000604c00000, 0x0000000800000000)
  region size 4096K, 1 young (4096K), 1 survivors (4096K)
 Metaspace       used 66189K, committed 66944K, reserved 1114112K
  class space    used 6492K, committed 6848K, reserved 1048576K
}
Event: 25928.467 GC heap before
{Heap before GC invocations=107 (full 5):
 garbage-first heap   total 102400K, used 34322K [0x0000000604c00000, 0x0000000800000000)
  region size 4096K, 3 young (12288K), 1 survivors (4096K)
 Metaspace       used 66189K, committed 66944K, reserved 1114112K
  class space    used 6492K, committed 6848K, reserved 1048576K
}
Event: 25928.516 GC heap after
{Heap after GC invocations=108 (full 6):
 garbage-first heap   total 102400K, used 29459K [0x0000000604c00000, 0x0000000800000000)
  region size 4096K, 0 young (0K), 0 survivors (0K)
 Metaspace       used 66189K, committed 66944K, reserved 1114112K
  class space    used 6492K, committed 6848K, reserved 1048576K
}
Event: 26379.681 GC heap before
{Heap before GC invocations=108 (full 6):
 garbage-first heap   total 102400K, used 90899K [0x0000000604c00000, 0x0000000800000000)
  region size 4096K, 15 young (61440K), 0 survivors (0K)
 Metaspace       used 66189K, committed 66944K, reserved 1114112K
  class space    used 6492K, committed 6848K, reserved 1048576K
}
Event: 26379.686 GC heap after
{Heap after GC invocations=109 (full 6):
 garbage-first heap   total 102400K, used 30871K [0x0000000604c00000, 0x0000000800000000)
  region size 4096K, 1 young (4096K), 1 survivors (4096K)
 Metaspace       used 66189K, committed 66944K, reserved 1114112K
  class space    used 6492K, committed 6848K, reserved 1048576K
}
Event: 26790.641 GC heap before
{Heap before GC invocations=110 (full 6):
 garbage-first heap   total 102400K, used 84119K [0x0000000604c00000, 0x0000000800000000)
  region size 4096K, 15 young (61440K), 1 survivors (4096K)
 Metaspace       used 66197K, committed 66944K, reserved 1114112K
  class space    used 6492K, committed 6848K, reserved 1048576K
}
Event: 26790.649 GC heap after
{Heap after GC invocations=111 (full 6):
 garbage-first heap   total 311296K, used 31216K [0x0000000604c00000, 0x0000000800000000)
  region size 4096K, 1 young (4096K), 1 survivors (4096K)
 Metaspace       used 66197K, committed 66944K, reserved 1114112K
  class space    used 6492K, committed 6848K, reserved 1048576K
}
Event: 27561.755 GC heap before
{Heap before GC invocations=111 (full 6):
 garbage-first heap   total 311296K, used 207344K [0x0000000604c00000, 0x0000000800000000)
  region size 4096K, 45 young (184320K), 1 survivors (4096K)
 Metaspace       used 66197K, committed 66944K, reserved 1114112K
  class space    used 6492K, committed 6848K, reserved 1048576K
}
Event: 27561.763 GC heap after
{Heap after GC invocations=112 (full 6):
 garbage-first heap   total 311296K, used 30569K [0x0000000604c00000, 0x0000000800000000)
  region size 4096K, 1 young (4096K), 1 survivors (4096K)
 Metaspace       used 66197K, committed 66944K, reserved 1114112K
  class space    used 6492K, committed 6848K, reserved 1048576K
}
Event: 28488.734 GC heap before
{Heap before GC invocations=112 (full 6):
 garbage-first heap   total 311296K, used 206697K [0x0000000604c00000, 0x0000000800000000)
  region size 4096K, 45 young (184320K), 1 survivors (4096K)
 Metaspace       used 66227K, committed 67008K, reserved 1114112K
  class space    used 6492K, committed 6848K, reserved 1048576K
}
Event: 28488.740 GC heap after
{Heap after GC invocations=113 (full 6):
 garbage-first heap   total 311296K, used 30383K [0x0000000604c00000, 0x0000000800000000)
  region size 4096K, 1 young (4096K), 1 survivors (4096K)
 Metaspace       used 66227K, committed 67008K, reserved 1114112K
  class space    used 6492K, committed 6848K, reserved 1048576K
}
Event: 29121.436 GC heap before
{Heap before GC invocations=114 (full 6):
 garbage-first heap   total 122880K, used 112303K [0x0000000604c00000, 0x0000000800000000)
  region size 4096K, 22 young (90112K), 1 survivors (4096K)
 Metaspace       used 66237K, committed 67008K, reserved 1114112K
  class space    used 6492K, committed 6848K, reserved 1048576K
}
Event: 29121.439 GC heap after
{Heap after GC invocations=115 (full 6):
 garbage-first heap   total 126976K, used 30465K [0x0000000604c00000, 0x0000000800000000)
  region size 4096K, 1 young (4096K), 1 survivors (4096K)
 Metaspace       used 66237K, committed 67008K, reserved 1114112K
  class space    used 6492K, committed 6848K, reserved 1048576K
}

